<?xml version="1.0" encoding="UTF-8"?>
<!-- Generated by org.testng.reporters.JUnitXMLReporter -->
<testsuite ignored="0" hostname="Aleysia5" failures="0" tests="13" name="Default test" time="63.271" errors="0" timestamp="2025-03-29T23:22:49 CET">
  <testcase classname="org.course.selenium.alerts.AlertTest" name="acceptConfirmationMessageTest" time="0.291"/>
  <testcase classname="org.course.selenium.alerts.AlertTest" name="acceptedConfirmationPromptAlertTest" time="0.256"/>
  <testcase classname="org.course.selenium.alerts.AlertTest" name="messageAlertTest" time="0.213"/>
  <testcase classname="org.course.selenium.alerts.AlertTest" name="refusedConfirmationMessageTest" time="0.22"/>
  <testcase classname="org.course.selenium.elements.WebTablesTest" name="updateAgeOnWebTables" time="0.402"/>
  <testcase classname="org.course.selenium.modalTests.ModalDialogTests" name="messageSmallModalTest" time="0.33"/>
  <testcase classname="org.course.selenium.baseTest.javascript.JavascriptTest" name="testScrollingToElement" time="0.103"/>
  <testcase classname="org.course.selenium.baseTest.javascript.forms.CheckboxTest" name="testCheckboxSportsIsSelected" time="0.219"/>
  <testcase classname="org.course.selenium.widgets.SelectDropdownTests" name="testMultiSelectDropDown" time="0.551"/>
  <testcase classname="org.course.selenium.baseTest.javascript.PageFormsTest" name="testPageFormsTitle" time="0.102"/>
  <testcase classname="org.course.selenium.widgets.DateTest" name="selectDateTest" time="0.539"/>
  <testcase classname="org.course.selenium.elements.LinksTest" name="badRequestStatus" time="2.22"/>
  <testcase classname="org.course.selenium.baseTest.javascript.forms.RadioButtonTest" name="testRadioButton" time="0.278"/>
</testsuite> <!-- Default test -->
