<?xml version="1.0" encoding="UTF-8"?>
<testng-results ignored="0" total="2" passed="2" failed="0" skipped="0">
  <reporter-output>
  </reporter-output>
  <suite started-at="2025-04-01T21:04:10 CEST" name="Default suite" finished-at="2025-04-01T21:04:18 CEST" duration-ms="7919">
    <groups>
    </groups>
    <test started-at="2025-04-01T21:04:10 CEST" name="Default test" finished-at="2025-04-01T21:04:18 CEST" duration-ms="7919">
      <class name="org.course.selenium.windows.WindowsTest">
        <test-method is-config="true" signature="setUp()[pri:0, instance:org.course.selenium.windows.WindowsTest@273444fe]" started-at="2025-04-01T21:04:10 CEST" name="setUp" finished-at="2025-04-01T21:04:12 CEST" duration-ms="1892" status="PASS">
          <reporter-output>
          </reporter-output>
        </test-method> <!-- setUp -->
        <test-method is-config="true" signature="loadApplication()[pri:0, instance:org.course.selenium.windows.WindowsTest@273444fe]" started-at="2025-04-01T21:04:12 CEST" name="loadApplication" finished-at="2025-04-01T21:04:14 CEST" duration-ms="2635" status="PASS">
          <reporter-output>
          </reporter-output>
        </test-method> <!-- loadApplication -->
        <test-method signature="getNewTabMessage()[pri:0, instance:org.course.selenium.windows.WindowsTest@273444fe]" started-at="2025-04-01T21:04:14 CEST" name="getNewTabMessage" finished-at="2025-04-01T21:04:15 CEST" duration-ms="427" status="PASS">
          <reporter-output>
          </reporter-output>
        </test-method> <!-- getNewTabMessage -->
        <test-method is-config="true" signature="takeFailedResultScreenshot(org.testng.ITestResult)[pri:0, instance:org.course.selenium.windows.WindowsTest@273444fe]" started-at="2025-04-01T21:04:15 CEST" name="takeFailedResultScreenshot" finished-at="2025-04-01T21:04:15 CEST" duration-ms="2" status="PASS">
          <params>
            <param index="0">
              <value>
                <![CDATA[[TestResult name=getNewTabMessage status=SUCCESS method=WindowsTest.getNewTabMessage()[pri:0, instance:org.course.selenium.windows.WindowsTest@273444fe] output={null}]]]>
              </value>
            </param>
          </params>
          <reporter-output>
          </reporter-output>
        </test-method> <!-- takeFailedResultScreenshot -->
        <test-method is-config="true" signature="loadApplication()[pri:0, instance:org.course.selenium.windows.WindowsTest@273444fe]" started-at="2025-04-01T21:04:15 CEST" name="loadApplication" finished-at="2025-04-01T21:04:15 CEST" duration-ms="219" status="PASS">
          <reporter-output>
          </reporter-output>
        </test-method> <!-- loadApplication -->
        <test-method signature="getNewWindowsUrlTest()[pri:0, instance:org.course.selenium.windows.WindowsTest@273444fe]" started-at="2025-04-01T21:04:15 CEST" name="getNewWindowsUrlTest" finished-at="2025-04-01T21:04:15 CEST" duration-ms="371" status="PASS">
          <reporter-output>
          </reporter-output>
        </test-method> <!-- getNewWindowsUrlTest -->
        <test-method is-config="true" signature="takeFailedResultScreenshot(org.testng.ITestResult)[pri:0, instance:org.course.selenium.windows.WindowsTest@273444fe]" started-at="2025-04-01T21:04:15 CEST" name="takeFailedResultScreenshot" finished-at="2025-04-01T21:04:15 CEST" duration-ms="0" status="PASS">
          <params>
            <param index="0">
              <value>
                <![CDATA[[TestResult name=getNewWindowsUrlTest status=SUCCESS method=WindowsTest.getNewWindowsUrlTest()[pri:0, instance:org.course.selenium.windows.WindowsTest@273444fe] output={null}]]]>
              </value>
            </param>
          </params>
          <reporter-output>
          </reporter-output>
        </test-method> <!-- takeFailedResultScreenshot -->
        <test-method is-config="true" signature="tearDown()[pri:0, instance:org.course.selenium.windows.WindowsTest@273444fe]" started-at="2025-04-01T21:04:15 CEST" name="tearDown" finished-at="2025-04-01T21:04:18 CEST" duration-ms="2337" status="PASS">
          <reporter-output>
          </reporter-output>
        </test-method> <!-- tearDown -->
      </class> <!-- org.course.selenium.windows.WindowsTest -->
    </test> <!-- Default test -->
  </suite> <!-- Default suite -->
</testng-results>
